Failed Login,jgarner,ns1.onsitepcs.net,Jan-04-2006,07:41:03,
Login,jgarner,ns1.onsitepcs.net,Jan-04-2006,07:41:08,
Login,jgarner,ns1.onsitepcs.net,Jan-04-2006,16:25:57,
Login,jgarner,ns1.onsitepcs.net,Jan-06-2006,04:39:32,
Login,jgarner,ns1.onsitepcs.net,Jan-06-2006,19:24:17,
Login,jgarner,ns1.onsitepcs.net,Jan-08-2006,12:30:26,
Login,jgarner,ns1.onsitepcs.net,Jan-09-2006,23:44:30,
Login,jgarner,ns1.onsitepcs.net,Jan-10-2006,13:42:40,
Failed Login,jgarner,ns1.onsitepcs.net,Jan-11-2006,05:53:42,
Login,jgarner,ns1.onsitepcs.net,Jan-11-2006,05:53:52,
Login,jgarner,ns1.onsitepcs.net,Jan-16-2006,09:15:27,
Login,jgarner,ns1.onsitepcs.net,Jan-16-2006,12:24:58,
Login,jgarner,ns1.onsitepcs.net,Jan-16-2006,16:37:06,
Login,jgarner,ns1.onsitepcs.net,Jan-16-2006,18:51:23,
Log Out,jgarner,ns1.onsitepcs.net,Jan-17-2006,06:24:30,
Login,jgarner,ns1.onsitepcs.net,Jan-17-2006,06:24:32,
Login,jgarner,ns1.onsitepcs.net,Jan-19-2007,07:32:20,
Log Out,jgarner,ns1.onsitepcs.net,Jan-19-2007,17:22:14,
Failed Login,,ns1.onsitepcs.net,Jan-19-2007,17:22:16,
Failed Login,,ns1.onsitepcs.net,Jan-19-2007,17:22:25,
Failed Login,jgarner,ns1.onsitepcs.net,Jan-19-2007,17:23:38,
Failed Login,jgarner,ns1.onsitepcs.net,Jan-19-2007,17:23:40,
Failed Login,jgarner,ns1.onsitepcs.net,Jan-19-2007,17:23:46,
Login,jgarner,ns1.onsitepcs.net,Jan-19-2007,17:23:57,
Login,jgarner,ns1.onsitepcs.net,Jan-19-2006,20:27:47,
Login,jgarner,ns1.onsitepcs.net,Jan-20-2006,07:30:35,
Failed Login,conrad10781,cpe-24-161-57-86.hvc.res.rr.com,Jan-20-2006,07:34:06,
Failed Login,mrice,cpe-24-161-57-86.hvc.res.rr.com,Jan-20-2006,07:34:12,
Failed Login,ricecomputersolutions,cpe-24-161-57-86.hvc.res.rr.com,Jan-20-2006,07:34:23,
Failed Login,conrad10781,cpe-24-161-57-86.hvc.res.rr.com,Jan-20-2006,07:34:47,
Failed Login,mrice,cpe-24-161-57-86.hvc.res.rr.com,Jan-20-2006,07:34:53,
Login,crice,cpe-24-161-57-86.hvc.res.rr.com,Jan-20-2006,07:38:15,
Log Out,jgarner,ns1.onsitepcs.net,Jan-24-2006,22:18:15,
Login,jgarner,ns1.onsitepcs.net,Jan-25-2006,06:40:40,
Login,jgarner,ns1.onsitepcs.net,Jan-25-2006,18:34:33,
Log Out,jgarner,ns1.onsitepcs.net,Jan-25-2006,21:31:20,
Login,jgarner,ns1.onsitepcs.net,Jan-25-2006,21:34:46,
Login,jgarner,ns1.onsitepcs.net,Jan-26-2006,21:01:06,
Login,jgarner,ns1.onsitepcs.net,Jan-26-2006,22:18:29,
Login,jgarner,ns1.onsitepcs.net,Jan-29-2006,09:26:43,
Failed Login,,37.98.34.27,Feb-10-2026,06:34:20,
Database Error,mmomen,static.109.59.140.128.clients.your-server.de,Feb-10-2026,07:38:17,
Database Error,mmomen,static.109.59.140.128.clients.your-server.de,Feb-10-2026,07:38:21,
Database Error,mmomen,static.109.59.140.128.clients.your-server.de,Feb-10-2026,07:38:22,
Database Error,mmomen,static.109.59.140.128.clients.your-server.de,Feb-10-2026,07:38:24,
Database Error,mmomen,static.109.59.140.128.clients.your-server.de,Feb-10-2026,07:38:25,
Database Error,mmomen,static.109.59.140.128.clients.your-server.de,Feb-10-2026,07:38:26,
Database Error,mmomen,static.109.59.140.128.clients.your-server.de,Feb-10-2026,07:38:28,
Database Error,mmomen,static.109.59.140.128.clients.your-server.de,Feb-10-2026,07:38:29,
Database Error,mmomen,static.109.59.140.128.clients.your-server.de,Feb-10-2026,07:38:31,
Database Error,mmomen,static.109.59.140.128.clients.your-server.de,Feb-10-2026,07:38:32,
Database Error,mmomen,static.109.59.140.128.clients.your-server.de,Feb-10-2026,07:38:34,
Database Error,mmomen,static.109.59.140.128.clients.your-server.de,Feb-10-2026,07:38:36,
Database Error,mmomen,static.109.59.140.128.clients.your-server.de,Feb-10-2026,07:42:11,
Database Error,admin,static.109.59.140.128.clients.your-server.de,Feb-10-2026,07:42:47,
Database Error,mmomen,static.109.59.140.128.clients.your-server.de,Feb-10-2026,07:46:35,
Database Error,mmomen,static.109.59.140.128.clients.your-server.de,Feb-10-2026,07:46:37,
Database Error,mmomen,static.109.59.140.128.clients.your-server.de,Feb-10-2026,07:46:37,
Database Error,mmomen,static.109.59.140.128.clients.your-server.de,Feb-10-2026,07:46:43,
Database Error,mmomen,static.109.59.140.128.clients.your-server.de,Feb-10-2026,07:54:32,
Database Error,mmomen,static.109.59.140.128.clients.your-server.de,Feb-10-2026,07:54:34,
Database Error,mmomen,static.109.59.140.128.clients.your-server.de,Feb-10-2026,07:54:36,
Database Error,mmomen,static.109.59.140.128.clients.your-server.de,Feb-10-2026,07:54:37,
Database Error,mmomen,static.109.59.140.128.clients.your-server.de,Feb-10-2026,07:54:38,
Database Error,mmomen,static.109.59.140.128.clients.your-server.de,Feb-10-2026,07:54:39,
Database Error,mmomen,static.109.59.140.128.clients.your-server.de,Feb-10-2026,07:54:40,
Database Error,mmomen,static.109.59.140.128.clients.your-server.de,Feb-10-2026,07:55:45,
Database Error,mmomen,static.109.59.140.128.clients.your-server.de,Feb-10-2026,07:55:46,
Database Error,mmomen,static.109.59.140.128.clients.your-server.de,Feb-10-2026,07:55:48,
Database Error,mmomen,static.109.59.140.128.clients.your-server.de,Feb-10-2026,07:55:49,
Database Error,mmomen,static.109.59.140.128.clients.your-server.de,Feb-10-2026,07:55:50,
Failed Login,mmomen,static.109.59.140.128.clients.your-server.de,Feb-10-2026,07:57:56,
Login,mmomen,static.109.59.140.128.clients.your-server.de,Feb-10-2026,07:58:04,
Login,mmomen,24.114.58.85,Feb-10-2026,10:47:03,
Failed Login,mmomen,5.215.83.112,Feb-11-2026,06:36:16,
Login,mmomen,5.215.83.112,Feb-11-2026,06:36:25,
Login,mmomen,5.215.83.112,Feb-11-2026,10:15:15,
Log Out,mmomen,5.215.83.112,Feb-11-2026,10:28:21,
Login,mmomen,5.215.83.112,Feb-11-2026,10:28:47,
Log Out,mmomen,5.215.83.112,Feb-11-2026,10:30:50,
Failed Login,mmomen,5.215.83.112,Feb-11-2026,10:31:16,
Login,mmomen,5.215.83.112,Feb-11-2026,10:31:23,
Login,mmomen,72.143.206.120,Feb-11-2026,11:14:35,
Failed Login,mmomen,dsl-173-206-10-87.tor.primus.ca,Feb-11-2026,22:32:50,
Login,mmomen,dsl-173-206-10-87.tor.primus.ca,Feb-11-2026,22:32:56,
Login,mmomen,static.109.59.140.128.clients.your-server.de,Feb-12-2026,06:13:34,
Failed Login,mmomen,dsl-173-206-10-87.tor.primus.ca,Feb-12-2026,06:13:43,
Login,mmomen,dsl-173-206-10-87.tor.primus.ca,Feb-12-2026,06:14:10,
Login,mmomen,5.215.83.112,Feb-12-2026,06:38:18,
Failed Login,mmomen,24.114.61.30,Feb-12-2026,07:59:13,
Login,mmomen,24.114.61.30,Feb-12-2026,07:59:31,
Login,mmomen,static.109.59.140.128.clients.your-server.de,Feb-12-2026,08:26:07,
Login,mmomen,static.109.59.140.128.clients.your-server.de,Feb-12-2026,08:51:15,
Login,mmomen,static.109.59.140.128.clients.your-server.de,Feb-12-2026,11:09:52,
Failed Login,mmomen,72.143.199.42,Feb-12-2026,11:13:53,
Login,mmomen,72.143.199.42,Feb-12-2026,11:14:12,
